<!DOCTYPE html PUBLIC "-//W3C//DTD XHTML 1.1//EN" "http://www.w3.org/TR/xhtml11/DTD/xhtml11.dtd">
<html xmlns="http://www.w3.org/1999/xhtml">
<head>
<meta http-equiv="content-type" content="text/html; charset=UTF-8"/>
<title>TestNG Report</title>
<style type="text/css">table {margin-bottom:10px;border-collapse:collapse;empty-cells:show}th,td {border:1px solid #009;padding:.25em .5em}th {vertical-align:bottom}td {vertical-align:top}table a {font-weight:bold}.stripe td {background-color: #E6EBF9}.num {text-align:right}.passedodd td {background-color: #3F3}.passedeven td {background-color: #0A0}.skippedodd td {background-color: #DDD}.skippedeven td {background-color: #CCC}.failedodd td,.attn {background-color: #F33}.failedeven td,.stripe .attn {background-color: #D00}.stacktrace {white-space:pre;font-family:monospace}.totop {font-size:85%;text-align:center;border-bottom:2px solid #000}.invisible {display:none}</style>
</head>
<body>
<table>
<tr><th>Test</th><th># Passed</th><th># Skipped</th><th># Retried</th><th># Failed</th><th>Time (ms)</th><th>Included Groups</th><th>Excluded Groups</th></tr>
<tr><th colspan="7">Suite B</th></tr>
<tr><td><a href="#t0">TestB</a></td><td class="num">2</td><td class="num">0</td><td class="num">0</td><td class="num">0</td><td class="num">4,142</td><td>regression, smoke</td><td></td></tr>
<tr class="stripe"><td><a href="#t1">TestBB</a></td><td class="num">0</td><td class="num">0</td><td class="num">0</td><td class="num">0</td><td class="num">1</td><td>regression, smoke</td><td></td></tr>
<tr><th colspan="7">Suite C</th></tr>
<tr><td><a href="#t2">TestC</a></td><td class="num">2</td><td class="num">0</td><td class="num">0</td><td class="num">0</td><td class="num">4,102</td><td>regression, smoke</td><td></td></tr>
<tr class="stripe"><td><a href="#t3">TestCC</a></td><td class="num">2</td><td class="num">0</td><td class="num">0</td><td class="num">0</td><td class="num">4,108</td><td>regression, smoke</td><td></td></tr>
<tr><th colspan="7">Suite A</th></tr>
<tr><td><a href="#t4">TestA</a></td><td class="num">2</td><td class="num attn">1</td><td class="num">0</td><td class="num attn">1</td><td class="num">7,502</td><td>regression, smoke, Login</td><td></td></tr>
<tr class="stripe"><td><a href="#t5">TestAA</a></td><td class="num">2</td><td class="num">0</td><td class="num">0</td><td class="num">0</td><td class="num">4,170</td><td>regression, smoke</td><td></td></tr>
<tr><th colspan="7">suiteseleniumbasics</th></tr>
<tr><td><a href="#t6">DifferentBrowser</a></td><td class="num">0</td><td class="num">0</td><td class="num">0</td><td class="num attn">1</td><td class="num">39,097</td><td>regression, smoke</td><td></td></tr>
<tr><th colspan="7">My Suite Files</th></tr>
<tr><th>Total</th><th class="num">10</th><th class="num attn">1</th><th class="num">0</th><th class="num attn">2</th><th class="num">63,122</th><th colspan="2"></th></tr>
</table>
<table id='summary'><thead><tr><th>Class</th><th>Method</th><th>Start</th><th>Time (ms)</th></tr></thead><tbody><tr><th colspan="4">Suite B</th></tr></tbody><tbody id="t0"><tr><th colspan="4">TestB &#8212; passed</th></tr><tr class="passedeven"><td rowspan="2">suiteb.TestB</td><td><a href="#m0">testB</a></td><td rowspan="2">1654711482524</td><td rowspan="2">2017</td></tr><tr class="passedeven"><td><a href="#m1">testB</a></td></tr></tbody>
<tbody id="t1"><tr><th colspan="4" class="invisible"/></tr></tbody>
<tbody><tr><th colspan="4">Suite C</th></tr></tbody><tbody id="t2"><tr><th colspan="4">TestC &#8212; passed</th></tr><tr class="passedeven"><td rowspan="2">suitec.TestC</td><td><a href="#m2">testC</a></td><td rowspan="2">1654711484693</td><td rowspan="2">2014</td></tr><tr class="passedeven"><td><a href="#m3">testC</a></td></tr></tbody>
<tbody id="t3"><tr><th colspan="4">TestCC &#8212; passed</th></tr><tr class="passedeven"><td rowspan="2">suitec.TestCC</td><td><a href="#m4">testCC</a></td><td rowspan="2">1654711490917</td><td rowspan="2">2008</td></tr><tr class="passedeven"><td><a href="#m5">testCC</a></td></tr></tbody>
<tbody><tr><th colspan="4">Suite A</th></tr></tbody><tbody id="t4"><tr><th colspan="4">TestA &#8212; failed</th></tr><tr class="failedeven"><td rowspan="1">suitea.TestA</td><td><a href="#m6">Login</a></td><td rowspan="1">1654711469674</td><td rowspan="1">2037</td></tr><tr><th colspan="4">TestA &#8212; skipped</th></tr><tr class="skippedeven"><td rowspan="1">suitea.TestA</td><td><a href="#m7">Purchase</a></td><td rowspan="1">1654711476215</td><td rowspan="1">0</td></tr><tr><th colspan="4">TestA &#8212; passed</th></tr><tr class="passedeven"><td rowspan="2">suitea.TestA</td><td><a href="#m8">Login</a></td><td rowspan="2">1654711474168</td><td rowspan="2">2009</td></tr><tr class="passedeven"><td><a href="#m9">Login</a></td></tr></tbody>
<tbody id="t5"><tr><th colspan="4">TestAA &#8212; passed</th></tr><tr class="passedeven"><td rowspan="2">suitea.TestAA</td><td><a href="#m10">testAA</a></td><td rowspan="2">1654711476270</td><td rowspan="2">2005</td></tr><tr class="passedeven"><td><a href="#m11">testAA</a></td></tr></tbody>
<tbody><tr><th colspan="4">suiteseleniumbasics</th></tr></tbody><tbody id="t6"><tr><th colspan="4">DifferentBrowser &#8212; failed</th></tr><tr class="failedeven"><td rowspan="1">suiteseleniumbasics.DifferentBrowserSettings</td><td><a href="#m12">TC2</a></td><td rowspan="1">1654711492975</td><td rowspan="1">39046</td></tr></tbody>
<tbody><tr><th colspan="4">My Suite Files</th></tr></tbody></table>
<h2>TestB</h2><h3 id="m0">suiteb.TestB#testB</h3><table class="result"><tr class="param"><th>Parameter #1</th><th>Parameter #2</th></tr><tr class="param stripe"><td>rowcol_10_TestB_and_BB</td><td>rowcol_11_TestB_and_BB</td></tr></table><p class="totop"><a href="#summary">back to summary</a></p>
<h3 id="m1">suiteb.TestB#testB</h3><table class="result"><tr class="param"><th>Parameter #1</th><th>Parameter #2</th></tr><tr class="param stripe"><td>rowcol_00_TestB_and_BB</td><td>rowcol_01_TestB_and_BB</td></tr></table><p class="totop"><a href="#summary">back to summary</a></p>
<h2>TestBB</h2><h2>TestC</h2><h3 id="m2">suitec.TestC#testC</h3><table class="result"><tr class="param"><th>Parameter #1</th><th>Parameter #2</th><th>Parameter #3</th></tr><tr class="param stripe"><td>chrome</td><td>rowcol_00_TestC_and_CC</td><td>rowcol_01_TestC_and_CC</td></tr></table><p class="totop"><a href="#summary">back to summary</a></p>
<h3 id="m3">suitec.TestC#testC</h3><table class="result"><tr class="param"><th>Parameter #1</th><th>Parameter #2</th><th>Parameter #3</th></tr><tr class="param stripe"><td>firefox</td><td>rowcol_10_TestC_and_CC</td><td>rowcol_11_TestC_and_CC</td></tr></table><p class="totop"><a href="#summary">back to summary</a></p>
<h2>TestCC</h2><h3 id="m4">suitec.TestCC#testCC</h3><table class="result"><tr class="param"><th>Parameter #1</th><th>Parameter #2</th><th>Parameter #3</th></tr><tr class="param stripe"><td>firefox</td><td>rowcol_10_TestC_and_CC</td><td>rowcol_11_TestC_and_CC</td></tr></table><p class="totop"><a href="#summary">back to summary</a></p>
<h3 id="m5">suitec.TestCC#testCC</h3><table class="result"><tr class="param"><th>Parameter #1</th><th>Parameter #2</th><th>Parameter #3</th></tr><tr class="param stripe"><td>chrome</td><td>rowcol_00_TestC_and_CC</td><td>rowcol_01_TestC_and_CC</td></tr></table><p class="totop"><a href="#summary">back to summary</a></p>
<h2>TestA</h2><h3 id="m6">suitea.TestA#Login</h3><table class="result"><tr class="param"><th>Parameter #1</th><th>Parameter #2</th><th>Parameter #3</th><th>Parameter #4</th></tr><tr class="param stripe"><td>Y</td><td>Chrome</td><td>abc@gmail.com</td><td>pass@1234</td></tr><tr><th colspan="4">Exception</th></tr><tr><td colspan="4"><div class="stacktrace">java.lang.AssertionError: The following asserts failed:
	On Chrome Login is failing
	at suitea.TestA.Login(TestA.java:19)
	at java.base/java.util.ArrayList.forEach(ArrayList.java:1511)
... Removed 30 stack frames</div></td></tr></table><p class="totop"><a href="#summary">back to summary</a></p>
<h3 id="m7">suitea.TestA#Purchase</h3><table class="result"><tr><th>Exception</th></tr><tr><td><div class="stacktrace">java.lang.Throwable: Method TestA.Purchase(java.lang.String, java.lang.String, java.lang.String, java.lang.String)[pri:0, instance:suitea.TestA@15aab8c6] depends on not successfully finished methods in group &quot;Login&quot;
	at java.base/java.util.ArrayList.forEach(ArrayList.java:1511)
... Removed 19 stack frames</div></td></tr></table><p class="totop"><a href="#summary">back to summary</a></p>
<h3 id="m8">suitea.TestA#Login</h3><table class="result"><tr class="param"><th>Parameter #1</th><th>Parameter #2</th><th>Parameter #3</th><th>Parameter #4</th></tr><tr class="param stripe"><td>Y</td><td>Edge</td><td>abc@gmail.com</td><td>12/04/2015</td></tr></table><p class="totop"><a href="#summary">back to summary</a></p>
<h3 id="m9">suitea.TestA#Login</h3><table class="result"><tr class="param"><th>Parameter #1</th><th>Parameter #2</th><th>Parameter #3</th><th>Parameter #4</th></tr><tr class="param stripe"><td>N</td><td>Mozilla</td><td>abc@gmail.com</td><td>pass@1234</td></tr></table><p class="totop"><a href="#summary">back to summary</a></p>
<h2>TestAA</h2><h3 id="m10">suitea.TestAA#testAA</h3><table class="result"><tr class="param"><th>Parameter #1</th><th>Parameter #2</th></tr><tr class="param stripe"><td>Rishabh</td><td>Noida</td></tr></table><p class="totop"><a href="#summary">back to summary</a></p>
<h3 id="m11">suitea.TestAA#testAA</h3><table class="result"><tr class="param"><th>Parameter #1</th><th>Parameter #2</th></tr><tr class="param stripe"><td>Shanu</td><td>Gurugram</td></tr></table><p class="totop"><a href="#summary">back to summary</a></p>
<h2>DifferentBrowser</h2><h3 id="m12">suiteseleniumbasics.DifferentBrowserSettings#TC2</h3><table class="result"><tr><th>Exception</th></tr><tr><td><div class="stacktrace">org.openqa.selenium.NoSuchElementException: no such element: Unable to locate element: {&quot;method&quot;:&quot;xpath&quot;,&quot;selector&quot;:&quot;//li[@role=&apos;presentation&apos;][3]/div/div[2]/div[1]/span&quot;}
  (Session info: chrome=102.0.5005.63)
For documentation on this error, please visit: https://selenium.dev/exceptions/#no_such_element
Build info: version: &apos;4.1.4&apos;, revision: &apos;535d840ee2&apos;
System info: host: &apos;DESKTOP-0BOD3T4&apos;, ip: &apos;10.252.0.244&apos;, os.name: &apos;Windows 10&apos;, os.arch: &apos;amd64&apos;, os.version: &apos;10.0&apos;, java.version: &apos;17.0.2&apos;
Driver info: org.openqa.selenium.chrome.ChromeDriver
Command: [7507694e58cfde7b71a948d5c12587ad, findElement {using=xpath, value=//li[@role=&apos;presentation&apos;][3]/div/div[2]/div[1]/span}]
Capabilities {acceptInsecureCerts: false, browserName: chrome, browserVersion: 102.0.5005.63, chrome: {chromedriverVersion: 101.0.4951.41 (93c720db8323..., userDataDir: C:\Users\risha\AppData\Loca...}, goog:chromeOptions: {debuggerAddress: localhost:62925}, javascriptEnabled: true, networkConnectionEnabled: false, pageLoadStrategy: normal, platform: WINDOWS, platformName: WINDOWS, proxy: Proxy(), se:cdp: ws://localhost:62925/devtoo..., se:cdpVersion: 102.0.5005.63, setWindowRect: true, strictFileInteractability: false, timeouts: {implicit: 0, pageLoad: 300000, script: 30000}, unhandledPromptBehavior: dismiss and notify, webauthn:extension:credBlob: true, webauthn:extension:largeBlob: true, webauthn:virtualAuthenticators: true}
Session ID: 7507694e58cfde7b71a948d5c12587ad
	at org.openqa.selenium.remote.codec.w3c.W3CHttpResponseCodec.createException(W3CHttpResponseCodec.java:200)
	at org.openqa.selenium.remote.codec.w3c.W3CHttpResponseCodec.decode(W3CHttpResponseCodec.java:133)
	at org.openqa.selenium.remote.codec.w3c.W3CHttpResponseCodec.decode(W3CHttpResponseCodec.java:53)
	at org.openqa.selenium.remote.HttpCommandExecutor.execute(HttpCommandExecutor.java:184)
	at org.openqa.selenium.remote.service.DriverCommandExecutor.invokeExecute(DriverCommandExecutor.java:167)
	at org.openqa.selenium.remote.service.DriverCommandExecutor.execute(DriverCommandExecutor.java:142)
	at org.openqa.selenium.remote.RemoteWebDriver.execute(RemoteWebDriver.java:567)
	at org.openqa.selenium.remote.ElementLocation$ElementFinder$2.findElement(ElementLocation.java:162)
	at org.openqa.selenium.remote.ElementLocation.findElement(ElementLocation.java:60)
	at org.openqa.selenium.remote.RemoteWebDriver.findElement(RemoteWebDriver.java:385)
	at org.openqa.selenium.remote.RemoteWebDriver.findElement(RemoteWebDriver.java:377)
	at suiteseleniumbasics.DifferentBrowserSettings.TC2(DifferentBrowserSettings.java:101)
	at java.base/java.util.ArrayList.forEach(ArrayList.java:1511)
... Removed 33 stack frames</div></td></tr></table><p class="totop"><a href="#summary">back to summary</a></p>
</body>
</html>
