<?xml version="1.0" encoding="UTF-8"?>
<!-- Generated by org.testng.reporters.JUnitXMLReporter -->
<testsuite ignored="0" hostname="DESKTOP-0BOD3T4" failures="1" tests="4" name="TestA" time="7.502" errors="0" timestamp="2022-06-08T23:34:36 IST">
  <testcase classname="suitea.TestA" name="Login" time="2.037">
    <failure type="java.lang.AssertionError" message="The following asserts failed:
	On Chrome Login is failing">
      <![CDATA[java.lang.AssertionError: The following asserts failed:
On Chrome Login is failing
at suitea.TestA.Login(TestA.java:19)
at java.base/java.util.ArrayList.forEach(ArrayList.java:1511)
... Removed 30 stack frames]]>
    </failure>
  </testcase> <!-- Login -->
  <testcase classname="suitea.TestA" name="Login" time="2.018"/>
  <testcase classname="suitea.TestA" name="Login" time="2.009"/>
  <testcase classname="suitea.TestA" name="Purchase" time="0.0">
    <skipped/>
  </testcase> <!-- Purchase -->
</testsuite> <!-- TestA -->
