<?xml version="1.0" encoding="UTF-8"?>
<!-- Generated by org.testng.reporters.JUnitXMLReporter -->
<testsuite ignored="0" hostname="DESKTOP-0BOD3T4" failures="1" tests="4" name="TestA" time="8.445" errors="0" timestamp="2022-06-08T23:41:34 IST">
  <testcase classname="suitea.TestA" name="Login" time="2.086">
    <failure type="java.lang.AssertionError" message="The following asserts failed:
	On Chrome Login is failing">
      <![CDATA[java.lang.AssertionError: The following asserts failed:
On Chrome Login is failing
at suitea.TestA.Login(TestA.java:19)
at java.base/java.util.ArrayList.forEach(ArrayList.java:1541)
at java.base/java.util.concurrent.ThreadPoolExecutor.runWorker(ThreadPoolExecutor.java:1128)
at java.base/java.util.concurrent.ThreadPoolExecutor$Worker.run(ThreadPoolExecutor.java:628)
at java.base/java.lang.Thread.run(Thread.java:834)
... Removed 22 stack frames]]>
    </failure>
  </testcase> <!-- Login -->
  <testcase classname="suitea.TestA" name="Login" time="2.018"/>
  <testcase classname="suitea.TestA" name="Login" time="2.002"/>
  <testcase classname="suitea.TestA" name="Purchase" time="0.0">
    <skipped/>
  </testcase> <!-- Purchase -->
</testsuite> <!-- TestA -->
